{"level":"error","message":"Proxy error:getaddrinfo ENOTFOUND hhtp","service":"identity-services","timestamp":"2025-10-19T12:18:54.402Z"}
{"level":"error","message":"Proxy error:","service":"identity-services","timestamp":"2025-10-19T12:19:49.504Z"}
{"level":"error","message":"Proxy error:","service":"identity-services","timestamp":"2025-10-19T12:21:18.860Z"}
{"level":"error","message":"Proxy error:","service":"identity-services","timestamp":"2025-10-19T12:26:03.980Z"}
{"level":"error","message":"Proxy error:","service":"identity-services","timestamp":"2025-10-19T12:38:17.364Z"}
{"level":"error","message":"Proxy error:","service":"identity-services","timestamp":"2025-10-19T12:38:25.369Z"}
{"level":"error","message":"Proxy error:","service":"identity-services","timestamp":"2025-10-19T12:45:37.318Z"}
{"level":"error","message":"Proxy error:","service":"identity-services","timestamp":"2025-10-19T12:46:01.080Z"}
{"level":"error","message":"Proxy error:","service":"identity-services","timestamp":"2025-10-19T13:00:41.106Z"}
{"level":"error","message":"Proxy error:","service":"identity-services","timestamp":"2025-10-19T13:05:52.263Z"}
{"level":"error","message":"Proxy error:","service":"identity-services","timestamp":"2025-10-21T05:11:19.857Z"}
{"level":"error","message":"SyntaxError: Expected ':' after property name in JSON at position 18 (line 3 column 1)\n    at JSON.parse (<anonymous>)\n    at parse (C:\\Users\\abhis\\OneDrive\\Desktop\\backend-project\\social-microservices\\api-gateway\\node_modules\\body-parser\\lib\\types\\json.js:77:19)\n    at C:\\Users\\abhis\\OneDrive\\Desktop\\backend-project\\social-microservices\\api-gateway\\node_modules\\body-parser\\lib\\read.js:123:18\n    at AsyncResource.runInAsyncScope (node:async_hooks:214:14)\n    at invokeCallback (C:\\Users\\abhis\\OneDrive\\Desktop\\backend-project\\social-microservices\\api-gateway\\node_modules\\body-parser\\node_modules\\raw-body\\index.js:238:16)\n    at done (C:\\Users\\abhis\\OneDrive\\Desktop\\backend-project\\social-microservices\\api-gateway\\node_modules\\body-parser\\node_modules\\raw-body\\index.js:227:7)\n    at IncomingMessage.onEnd (C:\\Users\\abhis\\OneDrive\\Desktop\\backend-project\\social-microservices\\api-gateway\\node_modules\\body-parser\\node_modules\\raw-body\\index.js:287:7)\n    at IncomingMessage.emit (node:events:508:28)\n    at endReadableNT (node:internal/streams/readable:1701:12)\n    at process.processTicksAndRejections (node:internal/process/task_queues:90:21)","service":"identity-services","timestamp":"2025-10-21T05:18:31.804Z"}
{"level":"error","message":"Proxy error:","service":"identity-services","timestamp":"2025-10-22T07:35:05.034Z"}
{"level":"error","message":"Proxy error:","service":"identity-services","timestamp":"2025-10-22T07:35:09.893Z"}
{"level":"error","message":"Proxy error:","service":"identity-services","timestamp":"2025-10-22T07:37:12.085Z"}
{"level":"error","message":"Proxy error:","service":"identity-services","timestamp":"2025-10-22T07:39:48.890Z"}
{"level":"error","message":"Proxy error:","service":"identity-services","timestamp":"2025-10-22T07:42:16.354Z"}
{"level":"error","message":"Proxy error:","service":"identity-services","timestamp":"2025-10-22T07:46:15.667Z"}
{"level":"error","message":"Proxy error:","service":"identity-services","timestamp":"2025-10-22T07:46:29.161Z"}
{"level":"error","message":"Proxy error:","service":"identity-services","timestamp":"2025-10-22T07:47:19.312Z"}
{"level":"error","message":"Proxy error:","service":"identity-services","timestamp":"2025-10-22T07:47:26.083Z"}
{"level":"error","message":"Proxy error:","service":"identity-services","timestamp":"2025-10-22T07:49:05.389Z"}
{"level":"error","message":"Proxy error:","service":"identity-services","timestamp":"2025-10-22T07:49:25.354Z"}
{"level":"error","message":"Proxy error:","service":"identity-services","timestamp":"2025-10-22T07:50:23.225Z"}
{"level":"error","message":"Proxy error:","service":"identity-services","timestamp":"2025-10-22T07:50:26.432Z"}
{"level":"error","message":"Proxy error:","service":"identity-services","timestamp":"2025-10-22T07:52:20.272Z"}
{"level":"error","message":"Proxy error:","service":"identity-services","timestamp":"2025-10-22T07:53:33.987Z"}
{"level":"error","message":"Proxy error:","service":"identity-services","timestamp":"2025-10-22T07:53:49.182Z"}
{"level":"error","message":"Proxy error:","service":"identity-services","timestamp":"2025-10-22T07:53:52.155Z"}
{"level":"error","message":"Proxy error:","service":"identity-services","timestamp":"2025-10-22T07:59:29.609Z"}
{"level":"error","message":"Proxy error:","service":"identity-services","timestamp":"2025-10-22T07:59:48.564Z"}
{"level":"error","message":"Proxy error:","service":"identity-services","timestamp":"2025-10-22T08:00:12.055Z"}
{"level":"error","message":"Proxy error:","service":"identity-services","timestamp":"2025-10-22T08:01:46.709Z"}
{"level":"error","message":"Proxy error:","service":"identity-services","timestamp":"2025-10-22T08:02:06.713Z"}
{"level":"error","message":"Proxy error:","service":"identity-services","timestamp":"2025-10-22T08:10:23.227Z"}
{"level":"error","message":"Proxy error:","service":"identity-services","timestamp":"2025-10-22T08:30:55.211Z"}
{"level":"error","message":"Proxy error:","service":"identity-services","timestamp":"2025-10-22T08:31:05.317Z"}
{"level":"error","message":"Proxy error:","service":"identity-services","timestamp":"2025-10-22T08:33:06.389Z"}
{"level":"error","message":"Proxy error:","service":"identity-services","timestamp":"2025-10-22T08:33:33.977Z"}
{"level":"error","message":"Proxy error:","service":"identity-services","timestamp":"2025-10-22T08:49:44.092Z"}
{"level":"error","message":"Proxy error:","service":"identity-services","timestamp":"2025-10-22T09:01:08.754Z"}
{"level":"error","message":"Proxy error:","service":"identity-services","timestamp":"2025-10-22T09:02:36.230Z"}
{"level":"error","message":"Proxy error:","service":"identity-services","timestamp":"2025-10-22T09:03:31.991Z"}
{"level":"error","message":"Proxy error:","service":"identity-services","timestamp":"2025-10-22T09:04:13.474Z"}
{"level":"error","message":"Proxy error:","service":"identity-services","timestamp":"2025-10-22T09:04:16.678Z"}
{"level":"error","message":"Proxy error:","service":"identity-services","timestamp":"2025-10-22T09:04:18.078Z"}
{"level":"error","message":"Proxy error:","service":"identity-services","timestamp":"2025-10-22T09:04:19.427Z"}
{"level":"error","message":"Proxy error:","service":"identity-services","timestamp":"2025-10-22T09:04:20.833Z"}
{"level":"error","message":"Proxy error:","service":"identity-services","timestamp":"2025-10-22T09:06:02.155Z"}
{"level":"error","message":"Proxy error:","service":"identity-services","timestamp":"2025-10-22T09:06:10.826Z"}
{"level":"error","message":"Proxy error:","service":"identity-services","timestamp":"2025-10-22T09:06:26.295Z"}
{"level":"error","message":"Proxy error:","service":"identity-services","timestamp":"2025-10-22T09:07:34.791Z"}
{"level":"error","message":"Proxy error:","service":"identity-services","timestamp":"2025-10-22T09:09:20.853Z"}
{"level":"error","message":"Proxy error:","service":"identity-services","timestamp":"2025-10-22T09:10:13.097Z"}
{"level":"error","message":"Proxy error:","service":"identity-services","timestamp":"2025-10-22T09:10:33.247Z"}
{"level":"error","message":"Proxy error:socket hang up","service":"identity-services","timestamp":"2025-10-22T09:17:27.574Z"}
{"level":"error","message":"Proxy error:read ECONNRESET","service":"identity-services","timestamp":"2025-10-22T09:18:23.978Z"}
{"level":"error","message":"Proxy error:socket hang up","service":"identity-services","timestamp":"2025-10-22T09:18:44.606Z"}
{"level":"error","message":"Proxy error:","service":"identity-services","timestamp":"2025-10-22T09:19:08.880Z"}
{"level":"error","message":"Proxy error:read ECONNRESET","service":"identity-services","timestamp":"2025-10-22T09:24:48.589Z"}
{"level":"error","message":"Proxy error:read ECONNRESET","service":"identity-services","timestamp":"2025-10-22T09:27:29.178Z"}
{"level":"error","message":"Proxy error:read ECONNRESET","service":"identity-services","timestamp":"2025-10-22T09:36:20.989Z"}
{"level":"error","message":"Proxy error:read ECONNRESET","service":"identity-services","timestamp":"2025-10-22T09:40:09.613Z"}
{"level":"error","message":"Proxy error:Cannot read properties of undefined (reading 'startsWith')","service":"identity-services","timestamp":"2025-10-22T14:26:32.080Z"}
{"level":"error","message":"Proxy error:","service":"identity-services","timestamp":"2025-10-22T17:51:08.524Z"}
{"level":"error","message":"Proxy error:","service":"identity-services","timestamp":"2025-10-22T17:51:33.495Z"}
{"level":"error","message":"Proxy error:","service":"identity-services","timestamp":"2025-10-22T17:52:24.478Z"}
{"level":"error","message":"Proxy error:","service":"identity-services","timestamp":"2025-10-22T17:56:21.008Z"}
{"level":"error","message":"Proxy error:","service":"identity-services","timestamp":"2025-10-22T18:30:19.996Z"}
{"level":"error","message":"Proxy error:","service":"identity-services","timestamp":"2025-10-22T18:30:33.062Z"}
{"level":"error","message":"Proxy error:","service":"identity-services","timestamp":"2025-10-22T18:31:18.238Z"}
{"level":"error","message":"Proxy error:","service":"identity-services","timestamp":"2025-10-22T18:31:26.387Z"}
{"level":"error","message":"Proxy error:","service":"identity-services","timestamp":"2025-10-22T18:48:44.407Z"}
{"level":"error","message":"Proxy error:","service":"identity-services","timestamp":"2025-10-22T18:49:02.398Z"}
{"level":"error","message":"Proxy error:","service":"identity-services","timestamp":"2025-10-22T18:53:03.174Z"}
{"level":"error","message":"Proxy error:","service":"identity-services","timestamp":"2025-10-22T18:54:17.905Z"}
{"level":"error","message":"Proxy error:","service":"identity-services","timestamp":"2025-10-22T18:56:35.547Z"}
